<?xml version="1.0" encoding="UTF-8"?>
<testsuite xmlns:xsi="http://www.w3.org/2001/XMLSchema-instance" xsi:noNamespaceSchemaLocation="https://maven.apache.org/surefire/maven-surefire-plugin/xsd/surefire-test-report.xsd" version="3.0.2" name="io.mybatis.jink.dom.TextNodeTest" time="0.052" tests="5" errors="0" skipped="0" failures="0">
  <properties>
[...]
</properties>
  <testcase name="toStringTruncation" classname="io.mybatis.jink.dom.TextNodeTest" time="0.019"/>
  <testcase name="setNodeValueNull" classname="io.mybatis.jink.dom.TextNodeTest" time="0.002"/>
  <testcase name="createTextNode" classname="io.mybatis.jink.dom.TextNodeTest" time="0.002"/>
  <testcase name="nullValueTreatedAsEmpty" classname="io.mybatis.jink.dom.TextNodeTest" time="0.005"/>
  <testcase name="setNodeValue" classname="io.mybatis.jink.dom.TextNodeTest" time="0.004"/>
</testsuite>